<?xml version="1.0" encoding="UTF-8"?>
<!-- Generated by org.testng.reporters.JUnitXMLReporter -->
<testsuite ignored="0" hostname="kairosHW0423" failures="0" tests="2" name="TestwithChrome" time="31.688" errors="0" timestamp="2023-06-16T11:00:09 IST">
  <testcase classname="com.POM.TestPages.SearchFunctionalityTest" name="searchfunctionalityTest" time="5.038"/>
  <testcase classname="com.POM.TestPages.SearchSuggestionsTest" name="searchSuggestionsTest" time="19.349"/>
</testsuite> <!-- TestwithChrome -->
