<?xml version="1.0" encoding="UTF-8"?>
<!-- Generated by org.testng.reporters.JUnitXMLReporter -->
<testsuite ignored="0" hostname="kairosHW0423" failures="0" tests="3" name="Test" time="44.852" errors="0" timestamp="2023-06-14T11:43:09 IST">
  <testcase classname="com.POM.TestPages.ImageSearchTest" name="imageSearchClickTest" time="10.299"/>
  <testcase classname="com.POM.TestPages.SearchFunctionalityTest" name="searchfunctionalityTest" time="2.137"/>
  <testcase classname="com.POM.TestPages.SearchSuggestionsTest" name="searchSuggestionsTest" time="20.629"/>
</testsuite> <!-- Test -->
