<?xml version="1.0" encoding="UTF-8"?>
<testng-results ignored="0" total="2" passed="2" failed="0" skipped="0">
  <reporter-output>
    <line>
      <![CDATA[Start-searchfunctionalityTest]]>
    </line>
    <line>
      <![CDATA[success-searchfunctionalityTest]]>
    </line>
    <line>
      <![CDATA[Start-searchSuggestionsTest]]>
    </line>
    <line>
      <![CDATA[success-searchSuggestionsTest]]>
    </line>
  </reporter-output>
  <suite started-at="2023-06-16T10:59:37 IST" name="Suite" finished-at="2023-06-16T11:00:09 IST" duration-ms="31688">
    <groups>
    </groups>
    <test started-at="2023-06-16T10:59:37 IST" name="TestwithChrome" finished-at="2023-06-16T11:00:09 IST" duration-ms="31688">
      <class name="com.POM.TestPages.SearchFunctionalityTest">
        <test-method is-config="true" signature="setUp(java.lang.String)[pri:0, instance:com.POM.TestPages.SearchFunctionalityTest@291caca8]" started-at="2023-06-16T10:59:37 IST" name="setUp" finished-at="2023-06-16T10:59:42 IST" duration-ms="4742" status="PASS">
          <params>
            <param index="0">
              <value>
                <![CDATA[Chrome]]>
              </value>
            </param>
          </params>
          <reporter-output>
          </reporter-output>
        </test-method> <!-- setUp -->
        <test-method signature="searchfunctionalityTest()[pri:0, instance:com.POM.TestPages.SearchFunctionalityTest@291caca8]" started-at="2023-06-16T10:59:42 IST" name="searchfunctionalityTest" finished-at="2023-06-16T10:59:47 IST" duration-ms="5038" status="PASS">
          <reporter-output>
            <line>
              <![CDATA[Start-searchfunctionalityTest]]>
            </line>
            <line>
              <![CDATA[success-searchfunctionalityTest]]>
            </line>
          </reporter-output>
        </test-method> <!-- searchfunctionalityTest -->
        <test-method is-config="true" signature="tearDown()[pri:0, instance:com.POM.TestPages.SearchFunctionalityTest@291caca8]" started-at="2023-06-16T10:59:47 IST" name="tearDown" finished-at="2023-06-16T10:59:47 IST" duration-ms="98" status="PASS">
          <reporter-output>
          </reporter-output>
        </test-method> <!-- tearDown -->
      </class> <!-- com.POM.TestPages.SearchFunctionalityTest -->
      <class name="com.POM.TestPages.SearchSuggestionsTest">
        <test-method is-config="true" signature="setUp(java.lang.String)[pri:0, instance:com.POM.TestPages.SearchSuggestionsTest@192c3f1e]" started-at="2023-06-16T10:59:47 IST" name="setUp" finished-at="2023-06-16T10:59:49 IST" duration-ms="2160" status="PASS">
          <params>
            <param index="0">
              <value>
                <![CDATA[Chrome]]>
              </value>
            </param>
          </params>
          <reporter-output>
          </reporter-output>
        </test-method> <!-- setUp -->
        <test-method signature="searchSuggestionsTest()[pri:0, instance:com.POM.TestPages.SearchSuggestionsTest@192c3f1e]" started-at="2023-06-16T10:59:49 IST" name="searchSuggestionsTest" finished-at="2023-06-16T11:00:08 IST" duration-ms="19349" status="PASS">
          <reporter-output>
            <line>
              <![CDATA[Start-searchSuggestionsTest]]>
            </line>
            <line>
              <![CDATA[success-searchSuggestionsTest]]>
            </line>
          </reporter-output>
        </test-method> <!-- searchSuggestionsTest -->
        <test-method is-config="true" signature="tearDown()[pri:0, instance:com.POM.TestPages.SearchSuggestionsTest@192c3f1e]" started-at="2023-06-16T11:00:08 IST" name="tearDown" finished-at="2023-06-16T11:00:09 IST" duration-ms="116" status="PASS">
          <reporter-output>
          </reporter-output>
        </test-method> <!-- tearDown -->
      </class> <!-- com.POM.TestPages.SearchSuggestionsTest -->
    </test> <!-- TestwithChrome -->
  </suite> <!-- Suite -->
</testng-results>
