<?xml version="1.0" encoding="UTF-8"?>
<!-- Generated by org.testng.reporters.JUnitXMLReporter -->
<testsuite ignored="0" hostname="kairosHW0423" failures="0" tests="3" name="Search Functionality" time="45.994" errors="0" timestamp="2023-06-14T10:55:54 IST">
  <testcase classname="com.POM.TestPages.SearchFunctionalityTest" name="searchfunctionalityTest" time="2.323"/>
  <testcase classname="com.POM.TestPages.SearchSuggestionsTest" name="searchSuggestionsTest" time="20.363"/>
  <testcase classname="com.POM.TestPages.ImageSearchTest" name="imageSearchClickTest" time="10.224"/>
</testsuite> <!-- Search Functionality -->
